6e4eefbf-b3c1-46a9-a48d-b4a1f7ac8700---25-09-2023	23:36:46---/checkStatuss---GET---Not Found
4db6798f-1844-49d4-ab64-3ef5eedcfed1---26-09-2023	10:33:39---/api/v1/user---PUT---Not Found
d9c06998-5b99-4fa9-8c85-fd58456ed50f---26-09-2023	11:51:01---/api/v1/user---PUT---errrrr
5fdc4d07-c4dd-47a9-8834-0c44e554b5f1---26-09-2023	12:16:54---/api/v1/users---POST---Invalid argument type
61d14014-df92-4a95-9436-f92b4ae96004---26-09-2023	13:09:37---/api/v1/user---PUT---The "original" argument must be of type function. Received an instance of Promise
459f8e61-4ec3-457e-89a0-ef90c2df670d---26-09-2023	14:42:38---/api/v1/user---PUT---Invalid argument type
ad8f645b-fa9f-4231-8c28-1e7eaae5374b---26-09-2023	14:43:27---/api/v1/user---PUT---Invalid argument type
48d9cdaa-a894-49b5-9d44-5ddd2dd77502---26-09-2023	16:15:55---/api/v1/users---GET---Not Found
c2518cce-8b73-4e06-b285-38601546d350---26-09-2023	16:16:51---/api/v1/users---GET---Operation `users.find()` buffering timed out after 10000ms
f9dc5ed2-f220-4a65-abd4-63973352740b---27-09-2023	17:47:07---/api/v1/users---GET---Operation `users.find()` buffering timed out after 10000ms
c5a2bc92-ed2d-46ca-9b62-8d91caea5d0e---27-09-2023	17:51:11---/api/v1/users---GET---Operation `users.find()` buffering timed out after 10000ms
4eb043cf-a5da-4169-83de-4d15fedaa9d2---27-09-2023	17:52:01---/api/v1/users---GET---Operation `users.find()` buffering timed out after 10000ms
96a2200e-c3a6-43d0-828c-ac0c3176099d---27-09-2023	19:07:51---/api/v1/user---PUT---Not Found
9954ca93-b709-429b-ad0d-8e60fcd9d054---27-09-2023	19:09:57---/api/v1/auth/register---POST---Missing credentials for "PLAIN"
c72cc817-d7f8-4429-ae4e-e0323853d5ea---27-09-2023	19:10:24---/api/v1/auth/register---POST---Missing credentials for "PLAIN"
e308bdc5-caff-416c-bab3-90b405877083---27-09-2023	19:10:55---/api/v1/auth/register---POST---Missing credentials for "PLAIN"
316f0ba9-74af-4ede-bee2-3535ff648284---27-09-2023	19:27:53---/api/v1/auth/login---POST---Not Found
164f83d4-d986-4c80-8ae9-10dd735f7089---27-09-2023	19:28:32---/api/v1/auth/verifyOtp---POST---Not Found
e1819b69-011b-4a32-a085-0b97e268c09c---27-09-2023	22:05:38---/api/v1/auth/verifyOtp---POST---a is not defined
4fcc524b-5411-44dc-85fc-433bd9cc5bd0---27-09-2023	23:28:16---/api/v1/me---GET---Not Found
304dfa67-0506-4b41-b803-6f4c12efddaa---27-09-2023	23:42:00---/api/v1/users---GET---Access denied!
a449b7fc-45bf-4344-827e-f383e252b407---27-09-2023	23:43:44---/api/v1/users---GET---Token expired!
feb65ef4-89ba-4f21-b0f6-2146bec3a2a2---27-09-2023	23:43:47---/api/v1/users---GET---Token expired!
53fe47ab-bf12-44a5-a8e2-80c5a7b90948---27-09-2023	23:44:13---/api/v1/users---POST---Not Found
f596933d-5ecd-4f10-9408-33ccc6cae8d2---27-09-2023	23:44:18---/api/v1/users---GET---Token expired!
3c047887-3325-4ca6-aa86-7ffc53c97176---27-09-2023	23:44:32---/api/v1/users---GET---Token expired!
3a9ee375-8155-4048-9075-dfdea8dbc464---27-09-2023	23:44:40---/api/v1/users---GET---Token expired!
9ab3f68c-dfa0-484a-b597-bb06884292f8---27-09-2023	23:44:42---/api/v1/users---GET---Token expired!
73e4e6d2-2c45-4f1c-9f87-11332ebed7a8---27-09-2023	23:44:42---/api/v1/users---GET---Token expired!
354eb356-3a76-4a03-873b-14f01a4db7d9---27-09-2023	23:44:42---/api/v1/users---GET---Token expired!
aa27bc87-ecd8-4ec2-8a6b-f1625906f957---27-09-2023	23:44:43---/api/v1/users---GET---Token expired!
90cd585e-e1cf-4796-a0d7-42537d6881f4---27-09-2023	23:44:43---/api/v1/users---GET---Token expired!
5fc67b13-4453-4033-a61e-040d12dd3641---27-09-2023	23:45:03---/api/v1/users---GET---Token expired!
abc1ec91-9c46-48cb-bc46-6406949cece2---27-09-2023	23:47:09---/api/v1/users---GET---Token expired!
07cb8bae-a1f3-4574-8d4d-631307743ff2---27-09-2023	23:47:37---/api/v1/users---GET---Invalid token!
e5e42306-5f35-476f-95f2-28a2633a1b5a---27-09-2023	23:47:42---/api/v1/users---GET---Invalid token!
76857af8-895c-4b17-9836-b4d327166a19---27-09-2023	23:47:47---/api/v1/users---GET---Invalid token!
8ec686d3-c576-4ebf-b388-2d9e7c3c0f02---27-09-2023	23:47:48---/api/v1/users---GET---Invalid token!
a3206c7c-388b-42b0-a4dc-ae6346206664---27-09-2023	23:47:49---/api/v1/users---GET---Invalid token!
52f84044-085f-47d8-9678-ec6061dd190a---27-09-2023	23:47:49---/api/v1/users---GET---Invalid token!
0a57813b-df5a-4c67-86d5-968f7a7b22f5---27-09-2023	23:48:10---/api/v1/users---GET---Invalid token!
d860c561-f019-481a-a71e-3dc9dbaa6477---27-09-2023	23:48:35---/api/v1/users---GET---Token expired!
fe128171-6a99-425e-9280-879e4d02ec67---27-09-2023	23:49:55---/api/v1/users---GET---Token expired!
af7859a7-0445-499d-bd50-9aa48c7227da---27-09-2023	23:50:04---/api/v1/users---GET---Invalid token!
79f1f123-2600-424a-849e-e77b622bf2c2---27-09-2023	23:50:08---/api/v1/users---GET---Token expired!
d797e9a4-c93a-47ca-a0b5-9d1e03d0d4ec---27-09-2023	23:50:43---/api/v1/users---GET---Token expired!
a4d29090-bbec-4a15-8020-4bc14b094206---27-09-2023	23:50:43---/api/v1/users---GET---Token expired!
885e74d7-05c5-4912-b2af-096c1f06d0e3---27-09-2023	23:50:44---/api/v1/users---GET---Token expired!
a5ceb6ed-cb08-44b5-8fb4-0cad108d2e0d---27-09-2023	23:50:45---/api/v1/users---GET---Token expired!
30fcbc78-a5b1-4241-8659-e568dda64f6a---27-09-2023	23:50:46---/api/v1/users---GET---Token expired!
